  Determining projects to restore...
  Restored E:\github\FunWasHad\src\FWH.Mobile.Data\FWH.Mobile.Data.csproj (in 553 ms).
  Restored E:\github\FunWasHad\src\FWH.AppHost\FWH.AppHost.csproj (in 539 ms).
  Restored E:\github\FunWasHad\src\FWH.Common.Imaging\FWH.Common.Imaging.csproj (in 531 ms).
  Restored E:\github\FunWasHad\tools\PlantUmlRender\PlantUmlRender.csproj (in 567 ms).
  Restored E:\github\FunWasHad\src\FWH.Common.Location\FWH.Common.Location.csproj (in 541 ms).
  Restored E:\github\FunWasHad\src\FWH.Common.Chat\FWH.Common.Chat.csproj (in 541 ms).
  Restored e:\github\FunWasHad\src\FWH.Common.Workflow\FWH.Common.Workflow.csproj (in 540 ms).
  Restored E:\github\FunWasHad\src\FWH.Mobile\FWH.Mobile\FWH.Mobile.csproj (in 470 ms).
  Restored E:\github\FunWasHad\src\FWH.Location.Api\FWH.Location.Api.csproj (in 553 ms).
  Restored E:\github\FunWasHad\src\FWH.Orchestrix.Mediator.Remote\FWH.Orchestrix.Mediator.Remote.csproj (in 34 ms).
  Restored E:\github\FunWasHad\src\FWH.MarketingApi\FWH.MarketingApi.csproj (in 52 ms).
  Restored E:\github\FunWasHad\src\FWH.Mobile\FWH.Mobile.Desktop\FWH.Mobile.Desktop.csproj (in 237 ms).
  Restored E:\github\FunWasHad\src\FWH.Mobile\FWH.Mobile.Android\FWH.Mobile.Android.csproj (in 880 ms).
E:\github\FunWasHad\tests\PlantUmlRender.Tests\PlantUmlRender.Tests.csproj : warning NU1604: Project dependency coverlet.collector does not contain an inclusive lower bound. Include a lower bound in the dependency version to ensure consistent restore results. [E:\github\FunWasHad\FunWasHad.sln]
E:\github\FunWasHad\tests\FWH.Common.Chat.Tests\FWH.Common.Chat.Tests.csproj : warning NU1604: Project dependency CommunityToolkit.Mvvm does not contain an inclusive lower bound. Include a lower bound in the dependency version to ensure consistent restore results. [E:\github\FunWasHad\FunWasHad.sln]
E:\github\FunWasHad\tests\FWH.Mobile.Services.Tests\FWH.Mobile.Services.Tests.csproj : warning NU1604: Project dependency coverlet.collector does not contain an inclusive lower bound. Include a lower bound in the dependency version to ensure consistent restore results. [E:\github\FunWasHad\FunWasHad.sln]
E:\github\FunWasHad\tests\FWH.Common.Chat.Tests\FWH.Common.Chat.Tests.csproj : warning NU1604: Project dependency coverlet.collector does not contain an inclusive lower bound. Include a lower bound in the dependency version to ensure consistent restore results. [E:\github\FunWasHad\FunWasHad.sln]
E:\github\FunWasHad\tests\PlantUmlRender.Tests\PlantUmlRender.Tests.csproj : warning NU1604: Project dependency Microsoft.NET.Test.Sdk does not contain an inclusive lower bound. Include a lower bound in the dependency version to ensure consistent restore results. [E:\github\FunWasHad\FunWasHad.sln]
E:\github\FunWasHad\tests\FWH.Common.Chat.Tests\FWH.Common.Chat.Tests.csproj : warning NU1604: Project dependency Microsoft.Extensions.DependencyInjection does not contain an inclusive lower bound. Include a lower bound in the dependency version to ensure consistent restore results. [E:\github\FunWasHad\FunWasHad.sln]
E:\github\FunWasHad\tests\PlantUmlRender.Tests\PlantUmlRender.Tests.csproj : warning NU1604: Project dependency xunit does not contain an inclusive lower bound. Include a lower bound in the dependency version to ensure consistent restore results. [E:\github\FunWasHad\FunWasHad.sln]
E:\github\FunWasHad\tests\PlantUmlRender.Tests\PlantUmlRender.Tests.csproj : warning NU1604: Project dependency xunit.runner.visualstudio does not contain an inclusive lower bound. Include a lower bound in the dependency version to ensure consistent restore results. [E:\github\FunWasHad\FunWasHad.sln]
E:\github\FunWasHad\tests\FWH.Common.Chat.Tests\FWH.Common.Chat.Tests.csproj : warning NU1604: Project dependency Microsoft.NET.Test.Sdk does not contain an inclusive lower bound. Include a lower bound in the dependency version to ensure consistent restore results. [E:\github\FunWasHad\FunWasHad.sln]
E:\github\FunWasHad\tests\FWH.Common.Workflow.Tests\FWH.Common.Workflow.Tests.csproj : warning NU1604: Project dependency coverlet.collector does not contain an inclusive lower bound. Include a lower bound in the dependency version to ensure consistent restore results. [E:\github\FunWasHad\FunWasHad.sln]
E:\github\FunWasHad\tests\FWH.Common.Chat.Tests\FWH.Common.Chat.Tests.csproj : warning NU1604: Project dependency xunit does not contain an inclusive lower bound. Include a lower bound in the dependency version to ensure consistent restore results. [E:\github\FunWasHad\FunWasHad.sln]
E:\github\FunWasHad\tests\FWH.Common.Chat.Tests\FWH.Common.Chat.Tests.csproj : warning NU1604: Project dependency xunit.runner.visualstudio does not contain an inclusive lower bound. Include a lower bound in the dependency version to ensure consistent restore results. [E:\github\FunWasHad\FunWasHad.sln]
E:\github\FunWasHad\tests\FWH.Common.Workflow.Tests\FWH.Common.Workflow.Tests.csproj : warning NU1604: Project dependency Microsoft.NET.Test.Sdk does not contain an inclusive lower bound. Include a lower bound in the dependency version to ensure consistent restore results. [E:\github\FunWasHad\FunWasHad.sln]
E:\github\FunWasHad\tests\FWH.Common.Workflow.Tests\FWH.Common.Workflow.Tests.csproj : warning NU1604: Project dependency NSubstitute does not contain an inclusive lower bound. Include a lower bound in the dependency version to ensure consistent restore results. [E:\github\FunWasHad\FunWasHad.sln]
E:\github\FunWasHad\tests\FWH.Common.Workflow.Tests\FWH.Common.Workflow.Tests.csproj : warning NU1604: Project dependency xunit does not contain an inclusive lower bound. Include a lower bound in the dependency version to ensure consistent restore results. [E:\github\FunWasHad\FunWasHad.sln]
E:\github\FunWasHad\tests\FWH.Mobile.Services.Tests\FWH.Mobile.Services.Tests.csproj : warning NU1604: Project dependency Microsoft.EntityFrameworkCore.InMemory does not contain an inclusive lower bound. Include a lower bound in the dependency version to ensure consistent restore results. [E:\github\FunWasHad\FunWasHad.sln]
E:\github\FunWasHad\tests\FWH.Common.Workflow.Tests\FWH.Common.Workflow.Tests.csproj : warning NU1604: Project dependency xunit.runner.visualstudio does not contain an inclusive lower bound. Include a lower bound in the dependency version to ensure consistent restore results. [E:\github\FunWasHad\FunWasHad.sln]
E:\github\FunWasHad\tests\FWH.Mobile.Services.Tests\FWH.Mobile.Services.Tests.csproj : warning NU1604: Project dependency Microsoft.Extensions.Logging.Abstractions does not contain an inclusive lower bound. Include a lower bound in the dependency version to ensure consistent restore results. [E:\github\FunWasHad\FunWasHad.sln]
E:\github\FunWasHad\tests\FWH.Mobile.Services.Tests\FWH.Mobile.Services.Tests.csproj : warning NU1604: Project dependency Microsoft.NET.Test.Sdk does not contain an inclusive lower bound. Include a lower bound in the dependency version to ensure consistent restore results. [E:\github\FunWasHad\FunWasHad.sln]
E:\github\FunWasHad\tests\FWH.Mobile.Services.Tests\FWH.Mobile.Services.Tests.csproj : warning NU1604: Project dependency NSubstitute does not contain an inclusive lower bound. Include a lower bound in the dependency version to ensure consistent restore results. [E:\github\FunWasHad\FunWasHad.sln]
E:\github\FunWasHad\tests\FWH.Mobile.Services.Tests\FWH.Mobile.Services.Tests.csproj : warning NU1604: Project dependency xunit does not contain an inclusive lower bound. Include a lower bound in the dependency version to ensure consistent restore results. [E:\github\FunWasHad\FunWasHad.sln]
E:\github\FunWasHad\tests\FWH.Mobile.Services.Tests\FWH.Mobile.Services.Tests.csproj : warning NU1604: Project dependency xunit.runner.visualstudio does not contain an inclusive lower bound. Include a lower bound in the dependency version to ensure consistent restore results. [E:\github\FunWasHad\FunWasHad.sln]
E:\github\FunWasHad\tests\FWH.Common.Location.Tests\FWH.Common.Location.Tests.csproj : warning NU1604: Project dependency coverlet.collector does not contain an inclusive lower bound. Include a lower bound in the dependency version to ensure consistent restore results. [E:\github\FunWasHad\FunWasHad.sln]
E:\github\FunWasHad\tests\FWH.Common.Location.Tests\FWH.Common.Location.Tests.csproj : warning NU1604: Project dependency Microsoft.NET.Test.Sdk does not contain an inclusive lower bound. Include a lower bound in the dependency version to ensure consistent restore results. [E:\github\FunWasHad\FunWasHad.sln]
E:\github\FunWasHad\tests\FWH.Common.Location.Tests\FWH.Common.Location.Tests.csproj : warning NU1604: Project dependency NSubstitute does not contain an inclusive lower bound. Include a lower bound in the dependency version to ensure consistent restore results. [E:\github\FunWasHad\FunWasHad.sln]
E:\github\FunWasHad\tests\FWH.Common.Location.Tests\FWH.Common.Location.Tests.csproj : warning NU1604: Project dependency xunit does not contain an inclusive lower bound. Include a lower bound in the dependency version to ensure consistent restore results. [E:\github\FunWasHad\FunWasHad.sln]
E:\github\FunWasHad\tests\FWH.Common.Location.Tests\FWH.Common.Location.Tests.csproj : warning NU1604: Project dependency xunit.runner.visualstudio does not contain an inclusive lower bound. Include a lower bound in the dependency version to ensure consistent restore results. [E:\github\FunWasHad\FunWasHad.sln]
E:\github\FunWasHad\tests\FWH.Mobile.Services.Tests\FWH.Mobile.Services.Tests.csproj : warning NU1903: Package 'Newtonsoft.Json' 9.0.1 has a known high severity vulnerability, https://github.com/advisories/GHSA-5crp-9r3c-p9vr [E:\github\FunWasHad\FunWasHad.sln]
E:\github\FunWasHad\tests\PlantUmlRender.Tests\PlantUmlRender.Tests.csproj : warning NU1903: Package 'Newtonsoft.Json' 9.0.1 has a known high severity vulnerability, https://github.com/advisories/GHSA-5crp-9r3c-p9vr [E:\github\FunWasHad\FunWasHad.sln]
E:\github\FunWasHad\tests\FWH.Common.Chat.Tests\FWH.Common.Chat.Tests.csproj : warning NU1903: Package 'Newtonsoft.Json' 9.0.1 has a known high severity vulnerability, https://github.com/advisories/GHSA-5crp-9r3c-p9vr [E:\github\FunWasHad\FunWasHad.sln]
E:\github\FunWasHad\tests\FWH.Common.Chat.Tests\FWH.Common.Chat.Tests.csproj : warning NU1903: Package 'System.Net.Http' 4.1.0 has a known high severity vulnerability, https://github.com/advisories/GHSA-7jgj-8wvc-jh57 [E:\github\FunWasHad\FunWasHad.sln]
E:\github\FunWasHad\tests\FWH.Mobile.Services.Tests\FWH.Mobile.Services.Tests.csproj : warning NU1903: Package 'System.Net.Http' 4.1.0 has a known high severity vulnerability, https://github.com/advisories/GHSA-7jgj-8wvc-jh57 [E:\github\FunWasHad\FunWasHad.sln]
E:\github\FunWasHad\tests\FWH.Mobile.Services.Tests\FWH.Mobile.Services.Tests.csproj : warning NU1903: Package 'System.Security.Cryptography.X509Certificates' 4.1.0 has a known high severity vulnerability, https://github.com/advisories/GHSA-7mfr-774f-w5r9 [E:\github\FunWasHad\FunWasHad.sln]
E:\github\FunWasHad\tests\FWH.Common.Chat.Tests\FWH.Common.Chat.Tests.csproj : warning NU1903: Package 'System.Security.Cryptography.X509Certificates' 4.1.0 has a known high severity vulnerability, https://github.com/advisories/GHSA-7mfr-774f-w5r9 [E:\github\FunWasHad\FunWasHad.sln]
E:\github\FunWasHad\tests\FWH.Common.Location.Tests\FWH.Common.Location.Tests.csproj : warning NU1903: Package 'Newtonsoft.Json' 9.0.1 has a known high severity vulnerability, https://github.com/advisories/GHSA-5crp-9r3c-p9vr [E:\github\FunWasHad\FunWasHad.sln]
E:\github\FunWasHad\tests\FWH.Common.Location.Tests\FWH.Common.Location.Tests.csproj : warning NU1903: Package 'System.Net.Http' 4.1.0 has a known high severity vulnerability, https://github.com/advisories/GHSA-7jgj-8wvc-jh57 [E:\github\FunWasHad\FunWasHad.sln]
E:\github\FunWasHad\tests\FWH.Common.Location.Tests\FWH.Common.Location.Tests.csproj : warning NU1903: Package 'System.Security.Cryptography.X509Certificates' 4.1.0 has a known high severity vulnerability, https://github.com/advisories/GHSA-7mfr-774f-w5r9 [E:\github\FunWasHad\FunWasHad.sln]
E:\github\FunWasHad\tests\FWH.Common.Workflow.Tests\FWH.Common.Workflow.Tests.csproj : warning NU1903: Package 'Newtonsoft.Json' 9.0.1 has a known high severity vulnerability, https://github.com/advisories/GHSA-5crp-9r3c-p9vr [E:\github\FunWasHad\FunWasHad.sln]
E:\github\FunWasHad\tests\FWH.Common.Workflow.Tests\FWH.Common.Workflow.Tests.csproj : warning NU1903: Package 'System.Net.Http' 4.1.0 has a known high severity vulnerability, https://github.com/advisories/GHSA-7jgj-8wvc-jh57 [E:\github\FunWasHad\FunWasHad.sln]
E:\github\FunWasHad\tests\FWH.Common.Workflow.Tests\FWH.Common.Workflow.Tests.csproj : warning NU1903: Package 'System.Security.Cryptography.X509Certificates' 4.1.0 has a known high severity vulnerability, https://github.com/advisories/GHSA-7mfr-774f-w5r9 [E:\github\FunWasHad\FunWasHad.sln]
E:\github\FunWasHad\tests\FWH.Mobile.Data.Tests\FWH.Mobile.Data.Tests.csproj : warning NU1604: Project dependency coverlet.collector does not contain an inclusive lower bound. Include a lower bound in the dependency version to ensure consistent restore results. [E:\github\FunWasHad\FunWasHad.sln]
E:\github\FunWasHad\tests\FWH.Mobile.Data.Tests\FWH.Mobile.Data.Tests.csproj : warning NU1604: Project dependency Microsoft.Extensions.DependencyInjection does not contain an inclusive lower bound. Include a lower bound in the dependency version to ensure consistent restore results. [E:\github\FunWasHad\FunWasHad.sln]
E:\github\FunWasHad\tests\FWH.Mobile.Data.Tests\FWH.Mobile.Data.Tests.csproj : warning NU1604: Project dependency Microsoft.NET.Test.Sdk does not contain an inclusive lower bound. Include a lower bound in the dependency version to ensure consistent restore results. [E:\github\FunWasHad\FunWasHad.sln]
E:\github\FunWasHad\tests\FWH.Mobile.Data.Tests\FWH.Mobile.Data.Tests.csproj : warning NU1604: Project dependency xunit does not contain an inclusive lower bound. Include a lower bound in the dependency version to ensure consistent restore results. [E:\github\FunWasHad\FunWasHad.sln]
E:\github\FunWasHad\tests\FWH.Mobile.Data.Tests\FWH.Mobile.Data.Tests.csproj : warning NU1604: Project dependency xunit.runner.visualstudio does not contain an inclusive lower bound. Include a lower bound in the dependency version to ensure consistent restore results. [E:\github\FunWasHad\FunWasHad.sln]
E:\github\FunWasHad\tests\FWH.Mobile.Data.Tests\FWH.Mobile.Data.Tests.csproj : warning NU1903: Package 'Newtonsoft.Json' 9.0.1 has a known high severity vulnerability, https://github.com/advisories/GHSA-5crp-9r3c-p9vr [E:\github\FunWasHad\FunWasHad.sln]
E:\github\FunWasHad\tests\FWH.Mobile.Data.Tests\FWH.Mobile.Data.Tests.csproj : warning NU1903: Package 'System.Net.Http' 4.1.0 has a known high severity vulnerability, https://github.com/advisories/GHSA-7jgj-8wvc-jh57 [E:\github\FunWasHad\FunWasHad.sln]
E:\github\FunWasHad\tests\FWH.Mobile.Data.Tests\FWH.Mobile.Data.Tests.csproj : warning NU1903: Package 'System.Security.Cryptography.X509Certificates' 4.1.0 has a known high severity vulnerability, https://github.com/advisories/GHSA-7mfr-774f-w5r9 [E:\github\FunWasHad\FunWasHad.sln]
E:\github\FunWasHad\tests\FWH.MarketingApi.Tests\FWH.MarketingApi.Tests.csproj : warning NU1604: Project dependency coverlet.collector does not contain an inclusive lower bound. Include a lower bound in the dependency version to ensure consistent restore results. [E:\github\FunWasHad\FunWasHad.sln]
E:\github\FunWasHad\tests\FWH.MarketingApi.Tests\FWH.MarketingApi.Tests.csproj : warning NU1604: Project dependency Microsoft.AspNetCore.Mvc.Testing does not contain an inclusive lower bound. Include a lower bound in the dependency version to ensure consistent restore results. [E:\github\FunWasHad\FunWasHad.sln]
E:\github\FunWasHad\tests\FWH.MarketingApi.Tests\FWH.MarketingApi.Tests.csproj : warning NU1604: Project dependency Microsoft.EntityFrameworkCore.InMemory does not contain an inclusive lower bound. Include a lower bound in the dependency version to ensure consistent restore results. [E:\github\FunWasHad\FunWasHad.sln]
E:\github\FunWasHad\tests\FWH.MarketingApi.Tests\FWH.MarketingApi.Tests.csproj : warning NU1604: Project dependency Microsoft.NET.Test.Sdk does not contain an inclusive lower bound. Include a lower bound in the dependency version to ensure consistent restore results. [E:\github\FunWasHad\FunWasHad.sln]
E:\github\FunWasHad\tests\FWH.MarketingApi.Tests\FWH.MarketingApi.Tests.csproj : warning NU1604: Project dependency NSubstitute does not contain an inclusive lower bound. Include a lower bound in the dependency version to ensure consistent restore results. [E:\github\FunWasHad\FunWasHad.sln]
E:\github\FunWasHad\tests\FWH.MarketingApi.Tests\FWH.MarketingApi.Tests.csproj : warning NU1604: Project dependency Testcontainers.PostgreSql does not contain an inclusive lower bound. Include a lower bound in the dependency version to ensure consistent restore results. [E:\github\FunWasHad\FunWasHad.sln]
E:\github\FunWasHad\tests\FWH.MarketingApi.Tests\FWH.MarketingApi.Tests.csproj : warning NU1604: Project dependency xunit does not contain an inclusive lower bound. Include a lower bound in the dependency version to ensure consistent restore results. [E:\github\FunWasHad\FunWasHad.sln]
E:\github\FunWasHad\tests\FWH.MarketingApi.Tests\FWH.MarketingApi.Tests.csproj : warning NU1604: Project dependency xunit.runner.visualstudio does not contain an inclusive lower bound. Include a lower bound in the dependency version to ensure consistent restore results. [E:\github\FunWasHad\FunWasHad.sln]
E:\github\FunWasHad\tests\FWH.MarketingApi.Tests\FWH.MarketingApi.Tests.csproj : warning NU1903: Package 'Microsoft.AspNetCore.Http' 2.1.0 has a known high severity vulnerability, https://github.com/advisories/GHSA-hxrm-9w7p-39cc [E:\github\FunWasHad\FunWasHad.sln]
E:\github\FunWasHad\tests\FWH.MarketingApi.Tests\FWH.MarketingApi.Tests.csproj : warning NU1903: Package 'System.IO.Pipelines' 4.5.0 has a known high severity vulnerability, https://github.com/advisories/GHSA-j378-6mmw-hqfr [E:\github\FunWasHad\FunWasHad.sln]
E:\github\FunWasHad\tests\FWH.MarketingApi.Tests\FWH.MarketingApi.Tests.csproj : warning NU1903: Package 'System.Net.Http' 4.1.0 has a known high severity vulnerability, https://github.com/advisories/GHSA-7jgj-8wvc-jh57 [E:\github\FunWasHad\FunWasHad.sln]
E:\github\FunWasHad\tests\FWH.MarketingApi.Tests\FWH.MarketingApi.Tests.csproj : warning NU1903: Package 'System.Security.Cryptography.X509Certificates' 4.1.0 has a known high severity vulnerability, https://github.com/advisories/GHSA-7mfr-774f-w5r9 [E:\github\FunWasHad\FunWasHad.sln]
E:\github\FunWasHad\tests\FWH.MarketingApi.Tests\FWH.MarketingApi.Tests.csproj : warning NU1904: Package 'System.Text.Encodings.Web' 4.5.0 has a known critical severity vulnerability, https://github.com/advisories/GHSA-ghhp-997w-qr28 [E:\github\FunWasHad\FunWasHad.sln]
E:\github\FunWasHad\tests\FWH.Common.Imaging.Tests\FWH.Common.Imaging.Tests.csproj : warning NU1604: Project dependency coverlet.collector does not contain an inclusive lower bound. Include a lower bound in the dependency version to ensure consistent restore results. [E:\github\FunWasHad\FunWasHad.sln]
E:\github\FunWasHad\tests\FWH.Common.Imaging.Tests\FWH.Common.Imaging.Tests.csproj : warning NU1604: Project dependency Microsoft.Extensions.DependencyInjection does not contain an inclusive lower bound. Include a lower bound in the dependency version to ensure consistent restore results. [E:\github\FunWasHad\FunWasHad.sln]
E:\github\FunWasHad\tests\FWH.Common.Imaging.Tests\FWH.Common.Imaging.Tests.csproj : warning NU1604: Project dependency Microsoft.NET.Test.Sdk does not contain an inclusive lower bound. Include a lower bound in the dependency version to ensure consistent restore results. [E:\github\FunWasHad\FunWasHad.sln]
E:\github\FunWasHad\tests\FWH.Common.Imaging.Tests\FWH.Common.Imaging.Tests.csproj : warning NU1604: Project dependency SkiaSharp does not contain an inclusive lower bound. Include a lower bound in the dependency version to ensure consistent restore results. [E:\github\FunWasHad\FunWasHad.sln]
E:\github\FunWasHad\tests\FWH.Common.Imaging.Tests\FWH.Common.Imaging.Tests.csproj : warning NU1604: Project dependency xunit does not contain an inclusive lower bound. Include a lower bound in the dependency version to ensure consistent restore results. [E:\github\FunWasHad\FunWasHad.sln]
E:\github\FunWasHad\tests\FWH.Common.Imaging.Tests\FWH.Common.Imaging.Tests.csproj : warning NU1604: Project dependency xunit.runner.visualstudio does not contain an inclusive lower bound. Include a lower bound in the dependency version to ensure consistent restore results. [E:\github\FunWasHad\FunWasHad.sln]
E:\github\FunWasHad\tests\FWH.Common.Imaging.Tests\FWH.Common.Imaging.Tests.csproj : warning NU1903: Package 'Newtonsoft.Json' 9.0.1 has a known high severity vulnerability, https://github.com/advisories/GHSA-5crp-9r3c-p9vr [E:\github\FunWasHad\FunWasHad.sln]
E:\github\FunWasHad\tests\FWH.Common.Imaging.Tests\FWH.Common.Imaging.Tests.csproj : warning NU1903: Package 'System.Net.Http' 4.1.0 has a known high severity vulnerability, https://github.com/advisories/GHSA-7jgj-8wvc-jh57 [E:\github\FunWasHad\FunWasHad.sln]
E:\github\FunWasHad\tests\FWH.Common.Imaging.Tests\FWH.Common.Imaging.Tests.csproj : warning NU1903: Package 'System.Security.Cryptography.X509Certificates' 4.1.0 has a known high severity vulnerability, https://github.com/advisories/GHSA-7mfr-774f-w5r9 [E:\github\FunWasHad\FunWasHad.sln]
E:\github\FunWasHad\tests\FWH.Common.Workflow.Tests\FWH.Common.Workflow.Tests.csproj : warning NU1701: Package 'NSubstitute 0.9.0.34' was restored using '.NETFramework,Version=v4.6.1, .NETFramework,Version=v4.6.2, .NETFramework,Version=v4.7, .NETFramework,Version=v4.7.1, .NETFramework,Version=v4.7.2, .NETFramework,Version=v4.8, .NETFramework,Version=v4.8.1' instead of the project target framework 'net9.0'. This package may not be fully compatible with your project. [E:\github\FunWasHad\FunWasHad.sln]
E:\github\FunWasHad\tests\FWH.Common.Location.Tests\FWH.Common.Location.Tests.csproj : warning NU1701: Package 'NSubstitute 0.9.0.34' was restored using '.NETFramework,Version=v4.6.1, .NETFramework,Version=v4.6.2, .NETFramework,Version=v4.7, .NETFramework,Version=v4.7.1, .NETFramework,Version=v4.7.2, .NETFramework,Version=v4.8, .NETFramework,Version=v4.8.1' instead of the project target framework 'net9.0'. This package may not be fully compatible with your project. [E:\github\FunWasHad\FunWasHad.sln]
E:\github\FunWasHad\tests\FWH.Mobile.Services.Tests\FWH.Mobile.Services.Tests.csproj : warning NU1701: Package 'NSubstitute 0.9.0.34' was restored using '.NETFramework,Version=v4.6.1, .NETFramework,Version=v4.6.2, .NETFramework,Version=v4.7, .NETFramework,Version=v4.7.1, .NETFramework,Version=v4.7.2, .NETFramework,Version=v4.8, .NETFramework,Version=v4.8.1' instead of the project target framework 'net9.0'. This package may not be fully compatible with your project. [E:\github\FunWasHad\FunWasHad.sln]
E:\github\FunWasHad\tests\FWH.Common.Imaging.Tests\FWH.Common.Imaging.Tests.csproj : warning NU1701: Package 'SkiaSharp 1.49.1' was restored using '.NETFramework,Version=v4.6.1, .NETFramework,Version=v4.6.2, .NETFramework,Version=v4.7, .NETFramework,Version=v4.7.1, .NETFramework,Version=v4.7.2, .NETFramework,Version=v4.8, .NETFramework,Version=v4.8.1' instead of the project target framework 'net9.0'. This package may not be fully compatible with your project. [E:\github\FunWasHad\FunWasHad.sln]
E:\github\FunWasHad\tests\FWH.MarketingApi.Tests\FWH.MarketingApi.Tests.csproj : warning NU1701: Package 'NSubstitute 0.9.0.34' was restored using '.NETFramework,Version=v4.6.1, .NETFramework,Version=v4.6.2, .NETFramework,Version=v4.7, .NETFramework,Version=v4.7.1, .NETFramework,Version=v4.7.2, .NETFramework,Version=v4.8, .NETFramework,Version=v4.8.1' instead of the project target framework 'net9.0'. This package may not be fully compatible with your project. [E:\github\FunWasHad\FunWasHad.sln]
E:\github\FunWasHad\tests\FWH.Mobile.Services.Tests\FWH.Mobile.Services.Tests.csproj : warning NU1701: Package 'xunit 1.7.0.1540' was restored using '.NETFramework,Version=v4.6.1, .NETFramework,Version=v4.6.2, .NETFramework,Version=v4.7, .NETFramework,Version=v4.7.1, .NETFramework,Version=v4.7.2, .NETFramework,Version=v4.8, .NETFramework,Version=v4.8.1' instead of the project target framework 'net9.0'. This package may not be fully compatible with your project. [E:\github\FunWasHad\FunWasHad.sln]
E:\github\FunWasHad\tests\FWH.Common.Chat.Tests\FWH.Common.Chat.Tests.csproj : warning NU1701: Package 'xunit 1.7.0.1540' was restored using '.NETFramework,Version=v4.6.1, .NETFramework,Version=v4.6.2, .NETFramework,Version=v4.7, .NETFramework,Version=v4.7.1, .NETFramework,Version=v4.7.2, .NETFramework,Version=v4.8, .NETFramework,Version=v4.8.1' instead of the project target framework 'net9.0'. This package may not be fully compatible with your project. [E:\github\FunWasHad\FunWasHad.sln]
E:\github\FunWasHad\tests\PlantUmlRender.Tests\PlantUmlRender.Tests.csproj : warning NU1701: Package 'xunit 1.7.0.1540' was restored using '.NETFramework,Version=v4.6.1, .NETFramework,Version=v4.6.2, .NETFramework,Version=v4.7, .NETFramework,Version=v4.7.1, .NETFramework,Version=v4.7.2, .NETFramework,Version=v4.8, .NETFramework,Version=v4.8.1' instead of the project target framework 'net9.0'. This package may not be fully compatible with your project. [E:\github\FunWasHad\FunWasHad.sln]
E:\github\FunWasHad\tests\FWH.Common.Workflow.Tests\FWH.Common.Workflow.Tests.csproj : warning NU1701: Package 'xunit 1.7.0.1540' was restored using '.NETFramework,Version=v4.6.1, .NETFramework,Version=v4.6.2, .NETFramework,Version=v4.7, .NETFramework,Version=v4.7.1, .NETFramework,Version=v4.7.2, .NETFramework,Version=v4.8, .NETFramework,Version=v4.8.1' instead of the project target framework 'net9.0'. This package may not be fully compatible with your project. [E:\github\FunWasHad\FunWasHad.sln]
E:\github\FunWasHad\tests\FWH.Common.Location.Tests\FWH.Common.Location.Tests.csproj : warning NU1701: Package 'xunit 1.7.0.1540' was restored using '.NETFramework,Version=v4.6.1, .NETFramework,Version=v4.6.2, .NETFramework,Version=v4.7, .NETFramework,Version=v4.7.1, .NETFramework,Version=v4.7.2, .NETFramework,Version=v4.8, .NETFramework,Version=v4.8.1' instead of the project target framework 'net9.0'. This package may not be fully compatible with your project. [E:\github\FunWasHad\FunWasHad.sln]
E:\github\FunWasHad\tests\FWH.MarketingApi.Tests\FWH.MarketingApi.Tests.csproj : warning NU1701: Package 'xunit 1.7.0.1540' was restored using '.NETFramework,Version=v4.6.1, .NETFramework,Version=v4.6.2, .NETFramework,Version=v4.7, .NETFramework,Version=v4.7.1, .NETFramework,Version=v4.7.2, .NETFramework,Version=v4.8, .NETFramework,Version=v4.8.1' instead of the project target framework 'net9.0'. This package may not be fully compatible with your project. [E:\github\FunWasHad\FunWasHad.sln]
E:\github\FunWasHad\tests\FWH.Mobile.Data.Tests\FWH.Mobile.Data.Tests.csproj : warning NU1701: Package 'xunit 1.7.0.1540' was restored using '.NETFramework,Version=v4.6.1, .NETFramework,Version=v4.6.2, .NETFramework,Version=v4.7, .NETFramework,Version=v4.7.1, .NETFramework,Version=v4.7.2, .NETFramework,Version=v4.8, .NETFramework,Version=v4.8.1' instead of the project target framework 'net9.0'. This package may not be fully compatible with your project. [E:\github\FunWasHad\FunWasHad.sln]
E:\github\FunWasHad\tests\FWH.Common.Imaging.Tests\FWH.Common.Imaging.Tests.csproj : warning NU1701: Package 'xunit 1.7.0.1540' was restored using '.NETFramework,Version=v4.6.1, .NETFramework,Version=v4.6.2, .NETFramework,Version=v4.7, .NETFramework,Version=v4.7.1, .NETFramework,Version=v4.7.2, .NETFramework,Version=v4.8, .NETFramework,Version=v4.8.1' instead of the project target framework 'net9.0'. This package may not be fully compatible with your project. [E:\github\FunWasHad\FunWasHad.sln]
E:\github\FunWasHad\tests\FWH.Mobile.Services.Tests\FWH.Mobile.Services.Tests.csproj : warning NU1701: Package 'xunit.runner.visualstudio 0.99.2' was restored using '.NETFramework,Version=v4.6.1, .NETFramework,Version=v4.6.2, .NETFramework,Version=v4.7, .NETFramework,Version=v4.7.1, .NETFramework,Version=v4.7.2, .NETFramework,Version=v4.8, .NETFramework,Version=v4.8.1' instead of the project target framework 'net9.0'. This package may not be fully compatible with your project. [E:\github\FunWasHad\FunWasHad.sln]
E:\github\FunWasHad\tests\PlantUmlRender.Tests\PlantUmlRender.Tests.csproj : warning NU1701: Package 'xunit.runner.visualstudio 0.99.2' was restored using '.NETFramework,Version=v4.6.1, .NETFramework,Version=v4.6.2, .NETFramework,Version=v4.7, .NETFramework,Version=v4.7.1, .NETFramework,Version=v4.7.2, .NETFramework,Version=v4.8, .NETFramework,Version=v4.8.1' instead of the project target framework 'net9.0'. This package may not be fully compatible with your project. [E:\github\FunWasHad\FunWasHad.sln]
E:\github\FunWasHad\tests\FWH.Common.Chat.Tests\FWH.Common.Chat.Tests.csproj : warning NU1701: Package 'xunit.runner.visualstudio 0.99.2' was restored using '.NETFramework,Version=v4.6.1, .NETFramework,Version=v4.6.2, .NETFramework,Version=v4.7, .NETFramework,Version=v4.7.1, .NETFramework,Version=v4.7.2, .NETFramework,Version=v4.8, .NETFramework,Version=v4.8.1' instead of the project target framework 'net9.0'. This package may not be fully compatible with your project. [E:\github\FunWasHad\FunWasHad.sln]
E:\github\FunWasHad\tests\FWH.Common.Workflow.Tests\FWH.Common.Workflow.Tests.csproj : warning NU1701: Package 'xunit.runner.visualstudio 0.99.2' was restored using '.NETFramework,Version=v4.6.1, .NETFramework,Version=v4.6.2, .NETFramework,Version=v4.7, .NETFramework,Version=v4.7.1, .NETFramework,Version=v4.7.2, .NETFramework,Version=v4.8, .NETFramework,Version=v4.8.1' instead of the project target framework 'net9.0'. This package may not be fully compatible with your project. [E:\github\FunWasHad\FunWasHad.sln]
E:\github\FunWasHad\tests\FWH.Common.Location.Tests\FWH.Common.Location.Tests.csproj : warning NU1701: Package 'xunit.runner.visualstudio 0.99.2' was restored using '.NETFramework,Version=v4.6.1, .NETFramework,Version=v4.6.2, .NETFramework,Version=v4.7, .NETFramework,Version=v4.7.1, .NETFramework,Version=v4.7.2, .NETFramework,Version=v4.8, .NETFramework,Version=v4.8.1' instead of the project target framework 'net9.0'. This package may not be fully compatible with your project. [E:\github\FunWasHad\FunWasHad.sln]
E:\github\FunWasHad\tests\FWH.MarketingApi.Tests\FWH.MarketingApi.Tests.csproj : warning NU1701: Package 'xunit.runner.visualstudio 0.99.2' was restored using '.NETFramework,Version=v4.6.1, .NETFramework,Version=v4.6.2, .NETFramework,Version=v4.7, .NETFramework,Version=v4.7.1, .NETFramework,Version=v4.7.2, .NETFramework,Version=v4.8, .NETFramework,Version=v4.8.1' instead of the project target framework 'net9.0'. This package may not be fully compatible with your project. [E:\github\FunWasHad\FunWasHad.sln]
E:\github\FunWasHad\tests\FWH.Mobile.Data.Tests\FWH.Mobile.Data.Tests.csproj : warning NU1701: Package 'xunit.runner.visualstudio 0.99.2' was restored using '.NETFramework,Version=v4.6.1, .NETFramework,Version=v4.6.2, .NETFramework,Version=v4.7, .NETFramework,Version=v4.7.1, .NETFramework,Version=v4.7.2, .NETFramework,Version=v4.8, .NETFramework,Version=v4.8.1' instead of the project target framework 'net9.0'. This package may not be fully compatible with your project. [E:\github\FunWasHad\FunWasHad.sln]
E:\github\FunWasHad\tests\FWH.Common.Imaging.Tests\FWH.Common.Imaging.Tests.csproj : warning NU1701: Package 'xunit.runner.visualstudio 0.99.2' was restored using '.NETFramework,Version=v4.6.1, .NETFramework,Version=v4.6.2, .NETFramework,Version=v4.7, .NETFramework,Version=v4.7.1, .NETFramework,Version=v4.7.2, .NETFramework,Version=v4.8, .NETFramework,Version=v4.8.1' instead of the project target framework 'net9.0'. This package may not be fully compatible with your project. [E:\github\FunWasHad\FunWasHad.sln]
E:\github\FunWasHad\tests\FWH.Mobile.Services.Tests\FWH.Mobile.Services.Tests.csproj : error NU1605: Warning As Error: Detected package downgrade: Microsoft.Extensions.DependencyInjection from 10.0.2 to 10.0.1. Reference the package directly from the project to select a different version.  [E:\github\FunWasHad\FunWasHad.sln]
E:\github\FunWasHad\tests\FWH.Mobile.Services.Tests\FWH.Mobile.Services.Tests.csproj : error NU1605:  FWH.Mobile.Services.Tests -> FWH.Mobile -> FWH.Common.Chat -> Microsoft.Extensions.DependencyInjection (>= 10.0.2)  [E:\github\FunWasHad\FunWasHad.sln]
E:\github\FunWasHad\tests\FWH.Mobile.Services.Tests\FWH.Mobile.Services.Tests.csproj : error NU1605:  FWH.Mobile.Services.Tests -> FWH.Mobile -> Microsoft.Extensions.DependencyInjection (>= 10.0.1) [E:\github\FunWasHad\FunWasHad.sln]
  Restored E:\github\FunWasHad\tests\FWH.Common.Imaging.Tests\FWH.Common.Imaging.Tests.csproj (in 7.95 sec).
  Restored E:\github\FunWasHad\tests\PlantUmlRender.Tests\PlantUmlRender.Tests.csproj (in 8.54 sec).
  Restored E:\github\FunWasHad\tests\FWH.Common.Chat.Tests\FWH.Common.Chat.Tests.csproj (in 8.56 sec).
  Restored E:\github\FunWasHad\tests\FWH.Mobile.Data.Tests\FWH.Mobile.Data.Tests.csproj (in 8.47 sec).
  Restored E:\github\FunWasHad\tests\FWH.MarketingApi.Tests\FWH.MarketingApi.Tests.csproj (in 8.58 sec).
  Restored E:\github\FunWasHad\tests\FWH.Common.Location.Tests\FWH.Common.Location.Tests.csproj (in 7.98 sec).
  Restored E:\github\FunWasHad\tests\FWH.Common.Workflow.Tests\FWH.Common.Workflow.Tests.csproj (in 8.48 sec).
  Failed to restore E:\github\FunWasHad\tests\FWH.Mobile.Services.Tests\FWH.Mobile.Services.Tests.csproj (in 8.58 sec).
  3 of 24 projects are up-to-date for restore.

Build FAILED.

E:\github\FunWasHad\tests\PlantUmlRender.Tests\PlantUmlRender.Tests.csproj : warning NU1604: Project dependency coverlet.collector does not contain an inclusive lower bound. Include a lower bound in the dependency version to ensure consistent restore results. [E:\github\FunWasHad\FunWasHad.sln]
E:\github\FunWasHad\tests\FWH.Common.Chat.Tests\FWH.Common.Chat.Tests.csproj : warning NU1604: Project dependency CommunityToolkit.Mvvm does not contain an inclusive lower bound. Include a lower bound in the dependency version to ensure consistent restore results. [E:\github\FunWasHad\FunWasHad.sln]
E:\github\FunWasHad\tests\FWH.Mobile.Services.Tests\FWH.Mobile.Services.Tests.csproj : warning NU1604: Project dependency coverlet.collector does not contain an inclusive lower bound. Include a lower bound in the dependency version to ensure consistent restore results. [E:\github\FunWasHad\FunWasHad.sln]
E:\github\FunWasHad\tests\FWH.Common.Chat.Tests\FWH.Common.Chat.Tests.csproj : warning NU1604: Project dependency coverlet.collector does not contain an inclusive lower bound. Include a lower bound in the dependency version to ensure consistent restore results. [E:\github\FunWasHad\FunWasHad.sln]
E:\github\FunWasHad\tests\PlantUmlRender.Tests\PlantUmlRender.Tests.csproj : warning NU1604: Project dependency Microsoft.NET.Test.Sdk does not contain an inclusive lower bound. Include a lower bound in the dependency version to ensure consistent restore results. [E:\github\FunWasHad\FunWasHad.sln]
E:\github\FunWasHad\tests\FWH.Common.Chat.Tests\FWH.Common.Chat.Tests.csproj : warning NU1604: Project dependency Microsoft.Extensions.DependencyInjection does not contain an inclusive lower bound. Include a lower bound in the dependency version to ensure consistent restore results. [E:\github\FunWasHad\FunWasHad.sln]
E:\github\FunWasHad\tests\PlantUmlRender.Tests\PlantUmlRender.Tests.csproj : warning NU1604: Project dependency xunit does not contain an inclusive lower bound. Include a lower bound in the dependency version to ensure consistent restore results. [E:\github\FunWasHad\FunWasHad.sln]
E:\github\FunWasHad\tests\PlantUmlRender.Tests\PlantUmlRender.Tests.csproj : warning NU1604: Project dependency xunit.runner.visualstudio does not contain an inclusive lower bound. Include a lower bound in the dependency version to ensure consistent restore results. [E:\github\FunWasHad\FunWasHad.sln]
E:\github\FunWasHad\tests\FWH.Common.Chat.Tests\FWH.Common.Chat.Tests.csproj : warning NU1604: Project dependency Microsoft.NET.Test.Sdk does not contain an inclusive lower bound. Include a lower bound in the dependency version to ensure consistent restore results. [E:\github\FunWasHad\FunWasHad.sln]
E:\github\FunWasHad\tests\FWH.Common.Workflow.Tests\FWH.Common.Workflow.Tests.csproj : warning NU1604: Project dependency coverlet.collector does not contain an inclusive lower bound. Include a lower bound in the dependency version to ensure consistent restore results. [E:\github\FunWasHad\FunWasHad.sln]
E:\github\FunWasHad\tests\FWH.Common.Chat.Tests\FWH.Common.Chat.Tests.csproj : warning NU1604: Project dependency xunit does not contain an inclusive lower bound. Include a lower bound in the dependency version to ensure consistent restore results. [E:\github\FunWasHad\FunWasHad.sln]
E:\github\FunWasHad\tests\FWH.Common.Chat.Tests\FWH.Common.Chat.Tests.csproj : warning NU1604: Project dependency xunit.runner.visualstudio does not contain an inclusive lower bound. Include a lower bound in the dependency version to ensure consistent restore results. [E:\github\FunWasHad\FunWasHad.sln]
E:\github\FunWasHad\tests\FWH.Common.Workflow.Tests\FWH.Common.Workflow.Tests.csproj : warning NU1604: Project dependency Microsoft.NET.Test.Sdk does not contain an inclusive lower bound. Include a lower bound in the dependency version to ensure consistent restore results. [E:\github\FunWasHad\FunWasHad.sln]
E:\github\FunWasHad\tests\FWH.Common.Workflow.Tests\FWH.Common.Workflow.Tests.csproj : warning NU1604: Project dependency NSubstitute does not contain an inclusive lower bound. Include a lower bound in the dependency version to ensure consistent restore results. [E:\github\FunWasHad\FunWasHad.sln]
E:\github\FunWasHad\tests\FWH.Common.Workflow.Tests\FWH.Common.Workflow.Tests.csproj : warning NU1604: Project dependency xunit does not contain an inclusive lower bound. Include a lower bound in the dependency version to ensure consistent restore results. [E:\github\FunWasHad\FunWasHad.sln]
E:\github\FunWasHad\tests\FWH.Mobile.Services.Tests\FWH.Mobile.Services.Tests.csproj : warning NU1604: Project dependency Microsoft.EntityFrameworkCore.InMemory does not contain an inclusive lower bound. Include a lower bound in the dependency version to ensure consistent restore results. [E:\github\FunWasHad\FunWasHad.sln]
E:\github\FunWasHad\tests\FWH.Common.Workflow.Tests\FWH.Common.Workflow.Tests.csproj : warning NU1604: Project dependency xunit.runner.visualstudio does not contain an inclusive lower bound. Include a lower bound in the dependency version to ensure consistent restore results. [E:\github\FunWasHad\FunWasHad.sln]
E:\github\FunWasHad\tests\FWH.Mobile.Services.Tests\FWH.Mobile.Services.Tests.csproj : warning NU1604: Project dependency Microsoft.Extensions.Logging.Abstractions does not contain an inclusive lower bound. Include a lower bound in the dependency version to ensure consistent restore results. [E:\github\FunWasHad\FunWasHad.sln]
E:\github\FunWasHad\tests\FWH.Mobile.Services.Tests\FWH.Mobile.Services.Tests.csproj : warning NU1604: Project dependency Microsoft.NET.Test.Sdk does not contain an inclusive lower bound. Include a lower bound in the dependency version to ensure consistent restore results. [E:\github\FunWasHad\FunWasHad.sln]
E:\github\FunWasHad\tests\FWH.Mobile.Services.Tests\FWH.Mobile.Services.Tests.csproj : warning NU1604: Project dependency NSubstitute does not contain an inclusive lower bound. Include a lower bound in the dependency version to ensure consistent restore results. [E:\github\FunWasHad\FunWasHad.sln]
E:\github\FunWasHad\tests\FWH.Mobile.Services.Tests\FWH.Mobile.Services.Tests.csproj : warning NU1604: Project dependency xunit does not contain an inclusive lower bound. Include a lower bound in the dependency version to ensure consistent restore results. [E:\github\FunWasHad\FunWasHad.sln]
E:\github\FunWasHad\tests\FWH.Mobile.Services.Tests\FWH.Mobile.Services.Tests.csproj : warning NU1604: Project dependency xunit.runner.visualstudio does not contain an inclusive lower bound. Include a lower bound in the dependency version to ensure consistent restore results. [E:\github\FunWasHad\FunWasHad.sln]
E:\github\FunWasHad\tests\FWH.Common.Location.Tests\FWH.Common.Location.Tests.csproj : warning NU1604: Project dependency coverlet.collector does not contain an inclusive lower bound. Include a lower bound in the dependency version to ensure consistent restore results. [E:\github\FunWasHad\FunWasHad.sln]
E:\github\FunWasHad\tests\FWH.Common.Location.Tests\FWH.Common.Location.Tests.csproj : warning NU1604: Project dependency Microsoft.NET.Test.Sdk does not contain an inclusive lower bound. Include a lower bound in the dependency version to ensure consistent restore results. [E:\github\FunWasHad\FunWasHad.sln]
E:\github\FunWasHad\tests\FWH.Common.Location.Tests\FWH.Common.Location.Tests.csproj : warning NU1604: Project dependency NSubstitute does not contain an inclusive lower bound. Include a lower bound in the dependency version to ensure consistent restore results. [E:\github\FunWasHad\FunWasHad.sln]
E:\github\FunWasHad\tests\FWH.Common.Location.Tests\FWH.Common.Location.Tests.csproj : warning NU1604: Project dependency xunit does not contain an inclusive lower bound. Include a lower bound in the dependency version to ensure consistent restore results. [E:\github\FunWasHad\FunWasHad.sln]
E:\github\FunWasHad\tests\FWH.Common.Location.Tests\FWH.Common.Location.Tests.csproj : warning NU1604: Project dependency xunit.runner.visualstudio does not contain an inclusive lower bound. Include a lower bound in the dependency version to ensure consistent restore results. [E:\github\FunWasHad\FunWasHad.sln]
E:\github\FunWasHad\tests\FWH.Mobile.Services.Tests\FWH.Mobile.Services.Tests.csproj : warning NU1903: Package 'Newtonsoft.Json' 9.0.1 has a known high severity vulnerability, https://github.com/advisories/GHSA-5crp-9r3c-p9vr [E:\github\FunWasHad\FunWasHad.sln]
E:\github\FunWasHad\tests\PlantUmlRender.Tests\PlantUmlRender.Tests.csproj : warning NU1903: Package 'Newtonsoft.Json' 9.0.1 has a known high severity vulnerability, https://github.com/advisories/GHSA-5crp-9r3c-p9vr [E:\github\FunWasHad\FunWasHad.sln]
E:\github\FunWasHad\tests\FWH.Common.Chat.Tests\FWH.Common.Chat.Tests.csproj : warning NU1903: Package 'Newtonsoft.Json' 9.0.1 has a known high severity vulnerability, https://github.com/advisories/GHSA-5crp-9r3c-p9vr [E:\github\FunWasHad\FunWasHad.sln]
E:\github\FunWasHad\tests\FWH.Common.Chat.Tests\FWH.Common.Chat.Tests.csproj : warning NU1903: Package 'System.Net.Http' 4.1.0 has a known high severity vulnerability, https://github.com/advisories/GHSA-7jgj-8wvc-jh57 [E:\github\FunWasHad\FunWasHad.sln]
E:\github\FunWasHad\tests\FWH.Mobile.Services.Tests\FWH.Mobile.Services.Tests.csproj : warning NU1903: Package 'System.Net.Http' 4.1.0 has a known high severity vulnerability, https://github.com/advisories/GHSA-7jgj-8wvc-jh57 [E:\github\FunWasHad\FunWasHad.sln]
E:\github\FunWasHad\tests\FWH.Mobile.Services.Tests\FWH.Mobile.Services.Tests.csproj : warning NU1903: Package 'System.Security.Cryptography.X509Certificates' 4.1.0 has a known high severity vulnerability, https://github.com/advisories/GHSA-7mfr-774f-w5r9 [E:\github\FunWasHad\FunWasHad.sln]
E:\github\FunWasHad\tests\FWH.Common.Chat.Tests\FWH.Common.Chat.Tests.csproj : warning NU1903: Package 'System.Security.Cryptography.X509Certificates' 4.1.0 has a known high severity vulnerability, https://github.com/advisories/GHSA-7mfr-774f-w5r9 [E:\github\FunWasHad\FunWasHad.sln]
E:\github\FunWasHad\tests\FWH.Common.Location.Tests\FWH.Common.Location.Tests.csproj : warning NU1903: Package 'Newtonsoft.Json' 9.0.1 has a known high severity vulnerability, https://github.com/advisories/GHSA-5crp-9r3c-p9vr [E:\github\FunWasHad\FunWasHad.sln]
E:\github\FunWasHad\tests\FWH.Common.Location.Tests\FWH.Common.Location.Tests.csproj : warning NU1903: Package 'System.Net.Http' 4.1.0 has a known high severity vulnerability, https://github.com/advisories/GHSA-7jgj-8wvc-jh57 [E:\github\FunWasHad\FunWasHad.sln]
E:\github\FunWasHad\tests\FWH.Common.Location.Tests\FWH.Common.Location.Tests.csproj : warning NU1903: Package 'System.Security.Cryptography.X509Certificates' 4.1.0 has a known high severity vulnerability, https://github.com/advisories/GHSA-7mfr-774f-w5r9 [E:\github\FunWasHad\FunWasHad.sln]
E:\github\FunWasHad\tests\FWH.Common.Workflow.Tests\FWH.Common.Workflow.Tests.csproj : warning NU1903: Package 'Newtonsoft.Json' 9.0.1 has a known high severity vulnerability, https://github.com/advisories/GHSA-5crp-9r3c-p9vr [E:\github\FunWasHad\FunWasHad.sln]
E:\github\FunWasHad\tests\FWH.Common.Workflow.Tests\FWH.Common.Workflow.Tests.csproj : warning NU1903: Package 'System.Net.Http' 4.1.0 has a known high severity vulnerability, https://github.com/advisories/GHSA-7jgj-8wvc-jh57 [E:\github\FunWasHad\FunWasHad.sln]
E:\github\FunWasHad\tests\FWH.Common.Workflow.Tests\FWH.Common.Workflow.Tests.csproj : warning NU1903: Package 'System.Security.Cryptography.X509Certificates' 4.1.0 has a known high severity vulnerability, https://github.com/advisories/GHSA-7mfr-774f-w5r9 [E:\github\FunWasHad\FunWasHad.sln]
E:\github\FunWasHad\tests\FWH.Mobile.Data.Tests\FWH.Mobile.Data.Tests.csproj : warning NU1604: Project dependency coverlet.collector does not contain an inclusive lower bound. Include a lower bound in the dependency version to ensure consistent restore results. [E:\github\FunWasHad\FunWasHad.sln]
E:\github\FunWasHad\tests\FWH.Mobile.Data.Tests\FWH.Mobile.Data.Tests.csproj : warning NU1604: Project dependency Microsoft.Extensions.DependencyInjection does not contain an inclusive lower bound. Include a lower bound in the dependency version to ensure consistent restore results. [E:\github\FunWasHad\FunWasHad.sln]
E:\github\FunWasHad\tests\FWH.Mobile.Data.Tests\FWH.Mobile.Data.Tests.csproj : warning NU1604: Project dependency Microsoft.NET.Test.Sdk does not contain an inclusive lower bound. Include a lower bound in the dependency version to ensure consistent restore results. [E:\github\FunWasHad\FunWasHad.sln]
E:\github\FunWasHad\tests\FWH.Mobile.Data.Tests\FWH.Mobile.Data.Tests.csproj : warning NU1604: Project dependency xunit does not contain an inclusive lower bound. Include a lower bound in the dependency version to ensure consistent restore results. [E:\github\FunWasHad\FunWasHad.sln]
E:\github\FunWasHad\tests\FWH.Mobile.Data.Tests\FWH.Mobile.Data.Tests.csproj : warning NU1604: Project dependency xunit.runner.visualstudio does not contain an inclusive lower bound. Include a lower bound in the dependency version to ensure consistent restore results. [E:\github\FunWasHad\FunWasHad.sln]
E:\github\FunWasHad\tests\FWH.Mobile.Data.Tests\FWH.Mobile.Data.Tests.csproj : warning NU1903: Package 'Newtonsoft.Json' 9.0.1 has a known high severity vulnerability, https://github.com/advisories/GHSA-5crp-9r3c-p9vr [E:\github\FunWasHad\FunWasHad.sln]
E:\github\FunWasHad\tests\FWH.Mobile.Data.Tests\FWH.Mobile.Data.Tests.csproj : warning NU1903: Package 'System.Net.Http' 4.1.0 has a known high severity vulnerability, https://github.com/advisories/GHSA-7jgj-8wvc-jh57 [E:\github\FunWasHad\FunWasHad.sln]
E:\github\FunWasHad\tests\FWH.Mobile.Data.Tests\FWH.Mobile.Data.Tests.csproj : warning NU1903: Package 'System.Security.Cryptography.X509Certificates' 4.1.0 has a known high severity vulnerability, https://github.com/advisories/GHSA-7mfr-774f-w5r9 [E:\github\FunWasHad\FunWasHad.sln]
E:\github\FunWasHad\tests\FWH.MarketingApi.Tests\FWH.MarketingApi.Tests.csproj : warning NU1604: Project dependency coverlet.collector does not contain an inclusive lower bound. Include a lower bound in the dependency version to ensure consistent restore results. [E:\github\FunWasHad\FunWasHad.sln]
E:\github\FunWasHad\tests\FWH.MarketingApi.Tests\FWH.MarketingApi.Tests.csproj : warning NU1604: Project dependency Microsoft.AspNetCore.Mvc.Testing does not contain an inclusive lower bound. Include a lower bound in the dependency version to ensure consistent restore results. [E:\github\FunWasHad\FunWasHad.sln]
E:\github\FunWasHad\tests\FWH.MarketingApi.Tests\FWH.MarketingApi.Tests.csproj : warning NU1604: Project dependency Microsoft.EntityFrameworkCore.InMemory does not contain an inclusive lower bound. Include a lower bound in the dependency version to ensure consistent restore results. [E:\github\FunWasHad\FunWasHad.sln]
E:\github\FunWasHad\tests\FWH.MarketingApi.Tests\FWH.MarketingApi.Tests.csproj : warning NU1604: Project dependency Microsoft.NET.Test.Sdk does not contain an inclusive lower bound. Include a lower bound in the dependency version to ensure consistent restore results. [E:\github\FunWasHad\FunWasHad.sln]
E:\github\FunWasHad\tests\FWH.MarketingApi.Tests\FWH.MarketingApi.Tests.csproj : warning NU1604: Project dependency NSubstitute does not contain an inclusive lower bound. Include a lower bound in the dependency version to ensure consistent restore results. [E:\github\FunWasHad\FunWasHad.sln]
E:\github\FunWasHad\tests\FWH.MarketingApi.Tests\FWH.MarketingApi.Tests.csproj : warning NU1604: Project dependency Testcontainers.PostgreSql does not contain an inclusive lower bound. Include a lower bound in the dependency version to ensure consistent restore results. [E:\github\FunWasHad\FunWasHad.sln]
E:\github\FunWasHad\tests\FWH.MarketingApi.Tests\FWH.MarketingApi.Tests.csproj : warning NU1604: Project dependency xunit does not contain an inclusive lower bound. Include a lower bound in the dependency version to ensure consistent restore results. [E:\github\FunWasHad\FunWasHad.sln]
E:\github\FunWasHad\tests\FWH.MarketingApi.Tests\FWH.MarketingApi.Tests.csproj : warning NU1604: Project dependency xunit.runner.visualstudio does not contain an inclusive lower bound. Include a lower bound in the dependency version to ensure consistent restore results. [E:\github\FunWasHad\FunWasHad.sln]
E:\github\FunWasHad\tests\FWH.MarketingApi.Tests\FWH.MarketingApi.Tests.csproj : warning NU1903: Package 'Microsoft.AspNetCore.Http' 2.1.0 has a known high severity vulnerability, https://github.com/advisories/GHSA-hxrm-9w7p-39cc [E:\github\FunWasHad\FunWasHad.sln]
E:\github\FunWasHad\tests\FWH.MarketingApi.Tests\FWH.MarketingApi.Tests.csproj : warning NU1903: Package 'System.IO.Pipelines' 4.5.0 has a known high severity vulnerability, https://github.com/advisories/GHSA-j378-6mmw-hqfr [E:\github\FunWasHad\FunWasHad.sln]
E:\github\FunWasHad\tests\FWH.MarketingApi.Tests\FWH.MarketingApi.Tests.csproj : warning NU1903: Package 'System.Net.Http' 4.1.0 has a known high severity vulnerability, https://github.com/advisories/GHSA-7jgj-8wvc-jh57 [E:\github\FunWasHad\FunWasHad.sln]
E:\github\FunWasHad\tests\FWH.MarketingApi.Tests\FWH.MarketingApi.Tests.csproj : warning NU1903: Package 'System.Security.Cryptography.X509Certificates' 4.1.0 has a known high severity vulnerability, https://github.com/advisories/GHSA-7mfr-774f-w5r9 [E:\github\FunWasHad\FunWasHad.sln]
E:\github\FunWasHad\tests\FWH.MarketingApi.Tests\FWH.MarketingApi.Tests.csproj : warning NU1904: Package 'System.Text.Encodings.Web' 4.5.0 has a known critical severity vulnerability, https://github.com/advisories/GHSA-ghhp-997w-qr28 [E:\github\FunWasHad\FunWasHad.sln]
E:\github\FunWasHad\tests\FWH.Common.Imaging.Tests\FWH.Common.Imaging.Tests.csproj : warning NU1604: Project dependency coverlet.collector does not contain an inclusive lower bound. Include a lower bound in the dependency version to ensure consistent restore results. [E:\github\FunWasHad\FunWasHad.sln]
E:\github\FunWasHad\tests\FWH.Common.Imaging.Tests\FWH.Common.Imaging.Tests.csproj : warning NU1604: Project dependency Microsoft.Extensions.DependencyInjection does not contain an inclusive lower bound. Include a lower bound in the dependency version to ensure consistent restore results. [E:\github\FunWasHad\FunWasHad.sln]
E:\github\FunWasHad\tests\FWH.Common.Imaging.Tests\FWH.Common.Imaging.Tests.csproj : warning NU1604: Project dependency Microsoft.NET.Test.Sdk does not contain an inclusive lower bound. Include a lower bound in the dependency version to ensure consistent restore results. [E:\github\FunWasHad\FunWasHad.sln]
E:\github\FunWasHad\tests\FWH.Common.Imaging.Tests\FWH.Common.Imaging.Tests.csproj : warning NU1604: Project dependency SkiaSharp does not contain an inclusive lower bound. Include a lower bound in the dependency version to ensure consistent restore results. [E:\github\FunWasHad\FunWasHad.sln]
E:\github\FunWasHad\tests\FWH.Common.Imaging.Tests\FWH.Common.Imaging.Tests.csproj : warning NU1604: Project dependency xunit does not contain an inclusive lower bound. Include a lower bound in the dependency version to ensure consistent restore results. [E:\github\FunWasHad\FunWasHad.sln]
E:\github\FunWasHad\tests\FWH.Common.Imaging.Tests\FWH.Common.Imaging.Tests.csproj : warning NU1604: Project dependency xunit.runner.visualstudio does not contain an inclusive lower bound. Include a lower bound in the dependency version to ensure consistent restore results. [E:\github\FunWasHad\FunWasHad.sln]
E:\github\FunWasHad\tests\FWH.Common.Imaging.Tests\FWH.Common.Imaging.Tests.csproj : warning NU1903: Package 'Newtonsoft.Json' 9.0.1 has a known high severity vulnerability, https://github.com/advisories/GHSA-5crp-9r3c-p9vr [E:\github\FunWasHad\FunWasHad.sln]
E:\github\FunWasHad\tests\FWH.Common.Imaging.Tests\FWH.Common.Imaging.Tests.csproj : warning NU1903: Package 'System.Net.Http' 4.1.0 has a known high severity vulnerability, https://github.com/advisories/GHSA-7jgj-8wvc-jh57 [E:\github\FunWasHad\FunWasHad.sln]
E:\github\FunWasHad\tests\FWH.Common.Imaging.Tests\FWH.Common.Imaging.Tests.csproj : warning NU1903: Package 'System.Security.Cryptography.X509Certificates' 4.1.0 has a known high severity vulnerability, https://github.com/advisories/GHSA-7mfr-774f-w5r9 [E:\github\FunWasHad\FunWasHad.sln]
E:\github\FunWasHad\tests\FWH.Common.Workflow.Tests\FWH.Common.Workflow.Tests.csproj : warning NU1701: Package 'NSubstitute 0.9.0.34' was restored using '.NETFramework,Version=v4.6.1, .NETFramework,Version=v4.6.2, .NETFramework,Version=v4.7, .NETFramework,Version=v4.7.1, .NETFramework,Version=v4.7.2, .NETFramework,Version=v4.8, .NETFramework,Version=v4.8.1' instead of the project target framework 'net9.0'. This package may not be fully compatible with your project. [E:\github\FunWasHad\FunWasHad.sln]
E:\github\FunWasHad\tests\FWH.Common.Location.Tests\FWH.Common.Location.Tests.csproj : warning NU1701: Package 'NSubstitute 0.9.0.34' was restored using '.NETFramework,Version=v4.6.1, .NETFramework,Version=v4.6.2, .NETFramework,Version=v4.7, .NETFramework,Version=v4.7.1, .NETFramework,Version=v4.7.2, .NETFramework,Version=v4.8, .NETFramework,Version=v4.8.1' instead of the project target framework 'net9.0'. This package may not be fully compatible with your project. [E:\github\FunWasHad\FunWasHad.sln]
E:\github\FunWasHad\tests\FWH.Mobile.Services.Tests\FWH.Mobile.Services.Tests.csproj : warning NU1701: Package 'NSubstitute 0.9.0.34' was restored using '.NETFramework,Version=v4.6.1, .NETFramework,Version=v4.6.2, .NETFramework,Version=v4.7, .NETFramework,Version=v4.7.1, .NETFramework,Version=v4.7.2, .NETFramework,Version=v4.8, .NETFramework,Version=v4.8.1' instead of the project target framework 'net9.0'. This package may not be fully compatible with your project. [E:\github\FunWasHad\FunWasHad.sln]
E:\github\FunWasHad\tests\FWH.Common.Imaging.Tests\FWH.Common.Imaging.Tests.csproj : warning NU1701: Package 'SkiaSharp 1.49.1' was restored using '.NETFramework,Version=v4.6.1, .NETFramework,Version=v4.6.2, .NETFramework,Version=v4.7, .NETFramework,Version=v4.7.1, .NETFramework,Version=v4.7.2, .NETFramework,Version=v4.8, .NETFramework,Version=v4.8.1' instead of the project target framework 'net9.0'. This package may not be fully compatible with your project. [E:\github\FunWasHad\FunWasHad.sln]
E:\github\FunWasHad\tests\FWH.MarketingApi.Tests\FWH.MarketingApi.Tests.csproj : warning NU1701: Package 'NSubstitute 0.9.0.34' was restored using '.NETFramework,Version=v4.6.1, .NETFramework,Version=v4.6.2, .NETFramework,Version=v4.7, .NETFramework,Version=v4.7.1, .NETFramework,Version=v4.7.2, .NETFramework,Version=v4.8, .NETFramework,Version=v4.8.1' instead of the project target framework 'net9.0'. This package may not be fully compatible with your project. [E:\github\FunWasHad\FunWasHad.sln]
E:\github\FunWasHad\tests\FWH.Mobile.Services.Tests\FWH.Mobile.Services.Tests.csproj : warning NU1701: Package 'xunit 1.7.0.1540' was restored using '.NETFramework,Version=v4.6.1, .NETFramework,Version=v4.6.2, .NETFramework,Version=v4.7, .NETFramework,Version=v4.7.1, .NETFramework,Version=v4.7.2, .NETFramework,Version=v4.8, .NETFramework,Version=v4.8.1' instead of the project target framework 'net9.0'. This package may not be fully compatible with your project. [E:\github\FunWasHad\FunWasHad.sln]
E:\github\FunWasHad\tests\FWH.Common.Chat.Tests\FWH.Common.Chat.Tests.csproj : warning NU1701: Package 'xunit 1.7.0.1540' was restored using '.NETFramework,Version=v4.6.1, .NETFramework,Version=v4.6.2, .NETFramework,Version=v4.7, .NETFramework,Version=v4.7.1, .NETFramework,Version=v4.7.2, .NETFramework,Version=v4.8, .NETFramework,Version=v4.8.1' instead of the project target framework 'net9.0'. This package may not be fully compatible with your project. [E:\github\FunWasHad\FunWasHad.sln]
E:\github\FunWasHad\tests\PlantUmlRender.Tests\PlantUmlRender.Tests.csproj : warning NU1701: Package 'xunit 1.7.0.1540' was restored using '.NETFramework,Version=v4.6.1, .NETFramework,Version=v4.6.2, .NETFramework,Version=v4.7, .NETFramework,Version=v4.7.1, .NETFramework,Version=v4.7.2, .NETFramework,Version=v4.8, .NETFramework,Version=v4.8.1' instead of the project target framework 'net9.0'. This package may not be fully compatible with your project. [E:\github\FunWasHad\FunWasHad.sln]
E:\github\FunWasHad\tests\FWH.Common.Workflow.Tests\FWH.Common.Workflow.Tests.csproj : warning NU1701: Package 'xunit 1.7.0.1540' was restored using '.NETFramework,Version=v4.6.1, .NETFramework,Version=v4.6.2, .NETFramework,Version=v4.7, .NETFramework,Version=v4.7.1, .NETFramework,Version=v4.7.2, .NETFramework,Version=v4.8, .NETFramework,Version=v4.8.1' instead of the project target framework 'net9.0'. This package may not be fully compatible with your project. [E:\github\FunWasHad\FunWasHad.sln]
E:\github\FunWasHad\tests\FWH.Common.Location.Tests\FWH.Common.Location.Tests.csproj : warning NU1701: Package 'xunit 1.7.0.1540' was restored using '.NETFramework,Version=v4.6.1, .NETFramework,Version=v4.6.2, .NETFramework,Version=v4.7, .NETFramework,Version=v4.7.1, .NETFramework,Version=v4.7.2, .NETFramework,Version=v4.8, .NETFramework,Version=v4.8.1' instead of the project target framework 'net9.0'. This package may not be fully compatible with your project. [E:\github\FunWasHad\FunWasHad.sln]
E:\github\FunWasHad\tests\FWH.MarketingApi.Tests\FWH.MarketingApi.Tests.csproj : warning NU1701: Package 'xunit 1.7.0.1540' was restored using '.NETFramework,Version=v4.6.1, .NETFramework,Version=v4.6.2, .NETFramework,Version=v4.7, .NETFramework,Version=v4.7.1, .NETFramework,Version=v4.7.2, .NETFramework,Version=v4.8, .NETFramework,Version=v4.8.1' instead of the project target framework 'net9.0'. This package may not be fully compatible with your project. [E:\github\FunWasHad\FunWasHad.sln]
E:\github\FunWasHad\tests\FWH.Mobile.Data.Tests\FWH.Mobile.Data.Tests.csproj : warning NU1701: Package 'xunit 1.7.0.1540' was restored using '.NETFramework,Version=v4.6.1, .NETFramework,Version=v4.6.2, .NETFramework,Version=v4.7, .NETFramework,Version=v4.7.1, .NETFramework,Version=v4.7.2, .NETFramework,Version=v4.8, .NETFramework,Version=v4.8.1' instead of the project target framework 'net9.0'. This package may not be fully compatible with your project. [E:\github\FunWasHad\FunWasHad.sln]
E:\github\FunWasHad\tests\FWH.Common.Imaging.Tests\FWH.Common.Imaging.Tests.csproj : warning NU1701: Package 'xunit 1.7.0.1540' was restored using '.NETFramework,Version=v4.6.1, .NETFramework,Version=v4.6.2, .NETFramework,Version=v4.7, .NETFramework,Version=v4.7.1, .NETFramework,Version=v4.7.2, .NETFramework,Version=v4.8, .NETFramework,Version=v4.8.1' instead of the project target framework 'net9.0'. This package may not be fully compatible with your project. [E:\github\FunWasHad\FunWasHad.sln]
E:\github\FunWasHad\tests\FWH.Mobile.Services.Tests\FWH.Mobile.Services.Tests.csproj : warning NU1701: Package 'xunit.runner.visualstudio 0.99.2' was restored using '.NETFramework,Version=v4.6.1, .NETFramework,Version=v4.6.2, .NETFramework,Version=v4.7, .NETFramework,Version=v4.7.1, .NETFramework,Version=v4.7.2, .NETFramework,Version=v4.8, .NETFramework,Version=v4.8.1' instead of the project target framework 'net9.0'. This package may not be fully compatible with your project. [E:\github\FunWasHad\FunWasHad.sln]
E:\github\FunWasHad\tests\PlantUmlRender.Tests\PlantUmlRender.Tests.csproj : warning NU1701: Package 'xunit.runner.visualstudio 0.99.2' was restored using '.NETFramework,Version=v4.6.1, .NETFramework,Version=v4.6.2, .NETFramework,Version=v4.7, .NETFramework,Version=v4.7.1, .NETFramework,Version=v4.7.2, .NETFramework,Version=v4.8, .NETFramework,Version=v4.8.1' instead of the project target framework 'net9.0'. This package may not be fully compatible with your project. [E:\github\FunWasHad\FunWasHad.sln]
E:\github\FunWasHad\tests\FWH.Common.Chat.Tests\FWH.Common.Chat.Tests.csproj : warning NU1701: Package 'xunit.runner.visualstudio 0.99.2' was restored using '.NETFramework,Version=v4.6.1, .NETFramework,Version=v4.6.2, .NETFramework,Version=v4.7, .NETFramework,Version=v4.7.1, .NETFramework,Version=v4.7.2, .NETFramework,Version=v4.8, .NETFramework,Version=v4.8.1' instead of the project target framework 'net9.0'. This package may not be fully compatible with your project. [E:\github\FunWasHad\FunWasHad.sln]
E:\github\FunWasHad\tests\FWH.Common.Workflow.Tests\FWH.Common.Workflow.Tests.csproj : warning NU1701: Package 'xunit.runner.visualstudio 0.99.2' was restored using '.NETFramework,Version=v4.6.1, .NETFramework,Version=v4.6.2, .NETFramework,Version=v4.7, .NETFramework,Version=v4.7.1, .NETFramework,Version=v4.7.2, .NETFramework,Version=v4.8, .NETFramework,Version=v4.8.1' instead of the project target framework 'net9.0'. This package may not be fully compatible with your project. [E:\github\FunWasHad\FunWasHad.sln]
E:\github\FunWasHad\tests\FWH.Common.Location.Tests\FWH.Common.Location.Tests.csproj : warning NU1701: Package 'xunit.runner.visualstudio 0.99.2' was restored using '.NETFramework,Version=v4.6.1, .NETFramework,Version=v4.6.2, .NETFramework,Version=v4.7, .NETFramework,Version=v4.7.1, .NETFramework,Version=v4.7.2, .NETFramework,Version=v4.8, .NETFramework,Version=v4.8.1' instead of the project target framework 'net9.0'. This package may not be fully compatible with your project. [E:\github\FunWasHad\FunWasHad.sln]
E:\github\FunWasHad\tests\FWH.MarketingApi.Tests\FWH.MarketingApi.Tests.csproj : warning NU1701: Package 'xunit.runner.visualstudio 0.99.2' was restored using '.NETFramework,Version=v4.6.1, .NETFramework,Version=v4.6.2, .NETFramework,Version=v4.7, .NETFramework,Version=v4.7.1, .NETFramework,Version=v4.7.2, .NETFramework,Version=v4.8, .NETFramework,Version=v4.8.1' instead of the project target framework 'net9.0'. This package may not be fully compatible with your project. [E:\github\FunWasHad\FunWasHad.sln]
E:\github\FunWasHad\tests\FWH.Mobile.Data.Tests\FWH.Mobile.Data.Tests.csproj : warning NU1701: Package 'xunit.runner.visualstudio 0.99.2' was restored using '.NETFramework,Version=v4.6.1, .NETFramework,Version=v4.6.2, .NETFramework,Version=v4.7, .NETFramework,Version=v4.7.1, .NETFramework,Version=v4.7.2, .NETFramework,Version=v4.8, .NETFramework,Version=v4.8.1' instead of the project target framework 'net9.0'. This package may not be fully compatible with your project. [E:\github\FunWasHad\FunWasHad.sln]
E:\github\FunWasHad\tests\FWH.Common.Imaging.Tests\FWH.Common.Imaging.Tests.csproj : warning NU1701: Package 'xunit.runner.visualstudio 0.99.2' was restored using '.NETFramework,Version=v4.6.1, .NETFramework,Version=v4.6.2, .NETFramework,Version=v4.7, .NETFramework,Version=v4.7.1, .NETFramework,Version=v4.7.2, .NETFramework,Version=v4.8, .NETFramework,Version=v4.8.1' instead of the project target framework 'net9.0'. This package may not be fully compatible with your project. [E:\github\FunWasHad\FunWasHad.sln]
E:\github\FunWasHad\tests\FWH.Mobile.Services.Tests\FWH.Mobile.Services.Tests.csproj : error NU1605: Warning As Error: Detected package downgrade: Microsoft.Extensions.DependencyInjection from 10.0.2 to 10.0.1. Reference the package directly from the project to select a different version.  [E:\github\FunWasHad\FunWasHad.sln]
E:\github\FunWasHad\tests\FWH.Mobile.Services.Tests\FWH.Mobile.Services.Tests.csproj : error NU1605:  FWH.Mobile.Services.Tests -> FWH.Mobile -> FWH.Common.Chat -> Microsoft.Extensions.DependencyInjection (>= 10.0.2)  [E:\github\FunWasHad\FunWasHad.sln]
E:\github\FunWasHad\tests\FWH.Mobile.Services.Tests\FWH.Mobile.Services.Tests.csproj : error NU1605:  FWH.Mobile.Services.Tests -> FWH.Mobile -> Microsoft.Extensions.DependencyInjection (>= 10.0.1) [E:\github\FunWasHad\FunWasHad.sln]
    91 Warning(s)
    1 Error(s)

Time Elapsed 00:00:10.20
